<?xml version="1.0" encoding="UTF-8"?>
<!-- Generated by org.testng.reporters.JUnitReportReporter -->
<testsuite hostname="LAPTOP-GGKGBA7E" failures="0" tests="1" name="com.avi.Selenium_2212_1745.LaunchBrowser" time="3.862" errors="0" timestamp="2024-12-22T18:02:18 IST" skipped="0">
  <testcase classname="com.avi.Selenium_2212_1745.LaunchBrowser" name="shouldAnswerWithTrue" time="3.862"/>
  <system-out/>
</testsuite> <!-- com.avi.Selenium_2212_1745.LaunchBrowser -->
